Arguments: 
  /usr/local/Cellar/node/16.4.2/bin/node /usr/local/bin/yarn add -D @types/js-file-download

PATH: 
  /usr/local/anaconda3/bin:/usr/local/anaconda3/condabin:/Library/Java/JavaVirtualMachines/adoptopenjdk-8.jdk/Contents/Home/bin:/usr/local/bin:/usr/bin:/bin:/usr/sbin:/sbin:/Library/TeX/texbin:/Library/Apple/usr/bin:/Users/mark/Documents/mark_projects/皇家小虎/HJXH/hjxh_express_match/frontend_web/node_modules/.bin:.:/Applications/Visual Studio Code.app/Contents/Resources/app/bin

Yarn version: 
  1.22.10

Node version: 
  16.4.2

Platform: 
  darwin x64

Trace: 
  Error: http://r.cnpmjs.org/@types%2fjs-file-download: [not_found] document not found
      at Request.params.callback [as _callback] (/usr/local/lib/node_modules/yarn/lib/cli.js:66988:18)
      at Request.self.callback (/usr/local/lib/node_modules/yarn/lib/cli.js:140662:22)
      at Request.emit (node:events:394:28)
      at Request.<anonymous> (/usr/local/lib/node_modules/yarn/lib/cli.js:141634:10)
      at Request.emit (node:events:394:28)
      at IncomingMessage.<anonymous> (/usr/local/lib/node_modules/yarn/lib/cli.js:141556:12)
      at Object.onceWrapper (node:events:513:28)
      at IncomingMessage.emit (node:events:406:35)
      at endReadableNT (node:internal/streams/readable:1329:12)
      at processTicksAndRejections (node:internal/process/task_queues:83:21)

npm manifest: 
  {
    "dependencies": {
      "@types/axios": "^0.14.0",
      "axios": "^0.24.0",
      "js-file-download": "^0.4.12",
      "recharts": "^2.1.8"
    }
  }

yarn manifest: 
  No manifest

Lockfile: 
  # THIS IS AN AUTOGENERATED FILE. DO NOT EDIT THIS FILE DIRECTLY.
  # yarn lockfile v1
  
  
  "@babel/runtime@^7.1.2":
    version "7.16.5"
    resolved "https://rg.cnpmjs.org/@babel/runtime/download/@babel/runtime-7.16.5.tgz#7f3e34bf8bdbbadf03fbb7b1ea0d929569c9487a"
    integrity sha512-TXWihFIS3Pyv5hzR7j6ihmeLkZfrXGxAr5UfSl8CHf+6q/wpiYDkUau0czckpYG8QmnCIuPpdLtuA9VmuGGyMA==
    dependencies:
      regenerator-runtime "^0.13.4"
  
  "@types/axios@^0.14.0":
    version "0.14.0"
    resolved "https://rg.cnpmjs.org/@types/axios/download/@types/axios-0.14.0.tgz#ec2300fbe7d7dddd7eb9d3abf87999964cafce46"
    integrity sha1-7CMA++fX3d1+udOr+HmZlkyvzkY=
    dependencies:
      axios "*"
  
  "@types/d3-color@^2":
    version "2.0.3"
    resolved "https://rg.cnpmjs.org/@types/d3-color/download/@types/d3-color-2.0.3.tgz#8bc4589073c80e33d126345542f588056511fe82"
    integrity sha1-i8RYkHPIDjPRJjRVQvWIBWUR/oI=
  
  "@types/d3-interpolate@^2.0.0":
    version "2.0.2"
    resolved "https://rg.cnpmjs.org/@types/d3-interpolate/download/@types/d3-interpolate-2.0.2.tgz#78eddf7278b19e48e8652603045528d46897aba0"
    integrity sha1-eO3fcnixnkjoZSYDBFUo1GiXq6A=
    dependencies:
      "@types/d3-color" "^2"
  
  "@types/d3-path@^2":
    version "2.0.1"
    resolved "https://rg.cnpmjs.org/@types/d3-path/download/@types/d3-path-2.0.1.tgz#ca03dfa8b94d8add97ad0cd97e96e2006b4763cb"
    integrity sha1-ygPfqLlNit2XrQzZfpbiAGtHY8s=
  
  "@types/d3-scale@^3.0.0":
    version "3.3.2"
    resolved "https://rg.cnpmjs.org/@types/d3-scale/download/@types/d3-scale-3.3.2.tgz#18c94e90f4f1c6b1ee14a70f14bfca2bd1c61d06"
    integrity sha1-GMlOkPTxxrHuFKcPFL/KK9HGHQY=
    dependencies:
      "@types/d3-time" "^2"
  
  "@types/d3-shape@^2.0.0":
    version "2.1.3"
    resolved "https://rg.cnpmjs.org/@types/d3-shape/download/@types/d3-shape-2.1.3.tgz#35d397b9e687abaa0de82343b250b9897b8cacf3"
    integrity sha1-NdOXueaHq6oN6CNDslC5iXuMrPM=
    dependencies:
      "@types/d3-path" "^2"
  
  "@types/d3-time@^2":
    version "2.1.1"
    resolved "https://rg.cnpmjs.org/@types/d3-time/download/@types/d3-time-2.1.1.tgz#743fdc821c81f86537cbfece07093ac39b4bc342"
    integrity sha1-dD/cghyB+GU3y/7OBwk6w5tLw0I=
  
  "@types/resize-observer-browser@^0.1.6":
    version "0.1.6"
    resolved "https://rg.cnpmjs.org/@types/resize-observer-browser/download/@types/resize-observer-browser-0.1.6.tgz#d8e6c2f830e2650dc06fe74464472ff64b54a302"
    integrity sha1-2ObC+DDiZQ3Ab+dEZEcv9ktUowI=
  
  axios@*, axios@^0.24.0:
    version "0.24.0"
    resolved "https://rg.cnpmjs.org/axios/download/axios-0.24.0.tgz#804e6fa1e4b9c5288501dd9dff56a7a0940d20d6"
    integrity sha1-gE5voeS5xSiFAd2d/1anoJQNINY=
    dependencies:
      follow-redirects "^1.14.4"
  
  classnames@^2.2.5:
    version "2.3.1"
    resolved "https://rg.cnpmjs.org/classnames/download/classnames-2.3.1.tgz#dfcfa3891e306ec1dad105d0e88f4417b8535e8e"
    integrity sha1-38+jiR4wbsHa0QXQ6I9EF7hTXo4=
  
  css-unit-converter@^1.1.1:
    version "1.1.2"
    resolved "https://rg.cnpmjs.org/css-unit-converter/download/css-unit-converter-1.1.2.tgz#4c77f5a1954e6dbff60695ecb214e3270436ab21"
    integrity sha1-THf1oZVObb/2BpXsshTjJwQ2qyE=
  
  d3-array@2, d3-array@^2.3.0:
    version "2.12.1"
    resolved "https://rg.cnpmjs.org/d3-array/download/d3-array-2.12.1.tgz#e20b41aafcdffdf5d50928004ececf815a465e81"
    integrity sha1-4gtBqvzf/fXVCSgATs7PgVpGXoE=
    dependencies:
      internmap "^1.0.0"
  
  "d3-color@1 - 2":
    version "2.0.0"
    resolved "https://rg.cnpmjs.org/d3-color/download/d3-color-2.0.0.tgz#8d625cab42ed9b8f601a1760a389f7ea9189d62e"
    integrity sha1-jWJcq0Ltm49gGhdgo4n36pGJ1i4=
  
  "d3-format@1 - 2":
    version "2.0.0"
    resolved "https://rg.cnpmjs.org/d3-format/download/d3-format-2.0.0.tgz#a10bcc0f986c372b729ba447382413aabf5b0767"
    integrity sha1-oQvMD5hsNytym6RHOCQTqr9bB2c=
  
  "d3-interpolate@1.2.0 - 2", d3-interpolate@^2.0.0:
    version "2.0.1"
    resolved "https://rg.cnpmjs.org/d3-interpolate/download/d3-interpolate-2.0.1.tgz#98be499cfb8a3b94d4ff616900501a64abc91163"
    integrity sha1-mL5JnPuKO5TU/2FpAFAaZKvJEWM=
    dependencies:
      d3-color "1 - 2"
  
  "d3-path@1 - 2":
    version "2.0.0"
    resolved "https://rg.cnpmjs.org/d3-path/download/d3-path-2.0.0.tgz#55d86ac131a0548adae241eebfb56b4582dd09d8"
    integrity sha1-VdhqwTGgVIra4kHuv7VrRYLdCdg=
  
  d3-scale@^3.0.0:
    version "3.3.0"
    resolved "https://rg.cnpmjs.org/d3-scale/download/d3-scale-3.3.0.tgz#28c600b29f47e5b9cd2df9749c206727966203f3"
    integrity sha1-KMYAsp9H5bnNLfl0nCBnJ5ZiA/M=
    dependencies:
      d3-array "^2.3.0"
      d3-format "1 - 2"
      d3-interpolate "1.2.0 - 2"
      d3-time "^2.1.1"
      d3-time-format "2 - 3"
  
  d3-shape@^2.0.0:
    version "2.1.0"
    resolved "https://rg.cnpmjs.org/d3-shape/download/d3-shape-2.1.0.tgz#3b6a82ccafbc45de55b57fcf956c584ded3b666f"
    integrity sha1-O2qCzK+8Rd5VtX/PlWxYTe07Zm8=
    dependencies:
      d3-path "1 - 2"
  
  "d3-time-format@2 - 3":
    version "3.0.0"
    resolved "https://rg.cnpmjs.org/d3-time-format/download/d3-time-format-3.0.0.tgz#df8056c83659e01f20ac5da5fdeae7c08d5f1bb6"
    integrity sha1-34BWyDZZ4B8grF2l/ernwI1fG7Y=
    dependencies:
      d3-time "1 - 2"
  
  "d3-time@1 - 2", d3-time@^2.1.1:
    version "2.1.1"
    resolved "https://rg.cnpmjs.org/d3-time/download/d3-time-2.1.1.tgz#e9d8a8a88691f4548e68ca085e5ff956724a6682"
    integrity sha1-6dioqIaR9FSOaMoIXl/5VnJKZoI=
    dependencies:
      d3-array "2"
  
  decimal.js-light@^2.4.1:
    version "2.5.1"
    resolved "https://rg.cnpmjs.org/decimal.js-light/download/decimal.js-light-2.5.1.tgz#134fd32508f19e208f4fb2f8dac0d2626a867934"
    integrity sha1-E0/TJQjxniCPT7L42sDSYmqGeTQ=
  
  dom-helpers@^3.4.0:
    version "3.4.0"
    resolved "https://rg.cnpmjs.org/dom-helpers/download/dom-helpers-3.4.0.tgz#e9b369700f959f62ecde5a6babde4bccd9169af8"
    integrity sha1-6bNpcA+Vn2Ls3lprq95LzNkWmvg=
    dependencies:
      "@babel/runtime" "^7.1.2"
  
  eventemitter3@^4.0.1:
    version "4.0.7"
    resolved "https://rg.cnpmjs.org/eventemitter3/download/eventemitter3-4.0.7.tgz#2de9b68f6528d5644ef5c59526a1b4a07306169f"
    integrity sha1-Lem2j2Uo1WRO9cWVJqG0oHMGFp8=
  
  fast-equals@^2.0.0:
    version "2.0.4"
    resolved "https://rg.cnpmjs.org/fast-equals/download/fast-equals-2.0.4.tgz#3add9410585e2d7364c2deeb6a707beadb24b927"
    integrity sha512-caj/ZmjHljPrZtbzJ3kfH5ia/k4mTJe/qSiXAGzxZWRZgsgDV0cvNaQULqUX8t0/JVlzzEdYOwCN5DmzTxoD4w==
  
  follow-redirects@^1.14.4:
    version "1.14.6"
    resolved "https://rg.cnpmjs.org/follow-redirects/download/follow-redirects-1.14.6.tgz#8cfb281bbc035b3c067d6cd975b0f6ade6e855cd"
    integrity sha512-fhUl5EwSJbbl8AR+uYL2KQDxLkdSjZGR36xy46AO7cOMTrCMON6Sa28FmAnC2tRTDbd/Uuzz3aJBv7EBN7JH8A==
  
  internmap@^1.0.0:
    version "1.0.1"
    resolved "https://rg.cnpmjs.org/internmap/download/internmap-1.0.1.tgz#0017cc8a3b99605f0302f2b198d272e015e5df95"
    integrity sha1-ABfMijuZYF8DAvKxmNJy4BXl35U=
  
  js-file-download@^0.4.12:
    version "0.4.12"
    resolved "https://rg.cnpmjs.org/js-file-download/download/js-file-download-0.4.12.tgz#10c70ef362559a5b23cdbdc3bd6f399c3d91d821"
    integrity sha1-EMcO82JVmlsjzb3DvW85nD2R2CE=
  
  "js-tokens@^3.0.0 || ^4.0.0":
    version "4.0.0"
    resolved "https://rg.cnpmjs.org/js-tokens/download/js-tokens-4.0.0.tgz#19203fb59991df98e3a287050d4647cdeaf32499"
    integrity sha1-GSA/tZmR35jjoocFDUZHzerzJJk=
  
  lodash.debounce@^4.0.8:
    version "4.0.8"
    resolved "https://rg.cnpmjs.org/lodash.debounce/download/lodash.debounce-4.0.8.tgz#82d79bff30a67c4005ffd5e2515300ad9ca4d7af"
    integrity sha1-gteb/zCmfEAF/9XiUVMArZyk168=
  
  lodash.throttle@^4.1.1:
    version "4.1.1"
    resolved "https://rg.cnpmjs.org/lodash.throttle/download/lodash.throttle-4.1.1.tgz#c23e91b710242ac70c37f1e1cda9274cc39bf2f4"
    integrity sha1-wj6RtxAkKscMN/HhzaknTMOb8vQ=
  
  lodash@^4.17.19:
    version "4.17.21"
    resolved "https://rg.cnpmjs.org/lodash/download/lodash-4.17.21.tgz#679591c564c3bffaae8454cf0b3df370c3d6911c"
    integrity sha1-Z5WRxWTDv/quhFTPCz3zcMPWkRw=
  
  loose-envify@^1.4.0:
    version "1.4.0"
    resolved "https://rg.cnpmjs.org/loose-envify/download/loose-envify-1.4.0.tgz#71ee51fa7be4caec1a63839f7e682d8132d30caf"
    integrity sha1-ce5R+nvkyuwaY4OffmgtgTLTDK8=
    dependencies:
      js-tokens "^3.0.0 || ^4.0.0"
  
  object-assign@^4.1.1:
    version "4.1.1"
    resolved "https://rg.cnpmjs.org/object-assign/download/object-assign-4.1.1.tgz#2109adc7965887cfc05cbbd442cac8bfbb360863"
    integrity sha1-IQmtx5ZYh8/AXLvUQsrIv7s2CGM=
  
  performance-now@^2.1.0:
    version "2.1.0"
    resolved "https://rg.cnpmjs.org/performance-now/download/performance-now-2.1.0.tgz#6309f4e0e5fa913ec1c69307ae364b4b377c9e7b"
    integrity sha1-Ywn04OX6kT7BxpMHrjZLSzd8nns=
  
  postcss-value-parser@^3.3.0:
    version "3.3.1"
    resolved "https://rg.cnpmjs.org/postcss-value-parser/download/postcss-value-parser-3.3.1.tgz#9ff822547e2893213cf1c30efa51ac5fd1ba8281"
    integrity sha1-n/giVH4okyE88cMO+lGsX9G6goE=
  
  prop-types@^15.6.2:
    version "15.7.2"
    resolved "https://rg.cnpmjs.org/prop-types/download/prop-types-15.7.2.tgz#52c41e75b8c87e72b9d9360e0206b99dcbffa6c5"
    integrity sha1-UsQedbjIfnK52TYOAga5ncv/psU=
    dependencies:
      loose-envify "^1.4.0"
      object-assign "^4.1.1"
      react-is "^16.8.1"
  
  raf@^3.4.0:
    version "3.4.1"
    resolved "https://rg.cnpmjs.org/raf/download/raf-3.4.1.tgz#0742e99a4a6552f445d73e3ee0328af0ff1ede39"
    integrity sha1-B0LpmkplUvRF1z4+4DKK8P8e3jk=
    dependencies:
      performance-now "^2.1.0"
  
  react-is@^16.10.2, react-is@^16.8.1:
    version "16.13.1"
    resolved "https://rg.cnpmjs.org/react-is/download/react-is-16.13.1.tgz#789729a4dc36de2999dc156dd6c1d9c18cea56a4"
    integrity sha1-eJcppNw23imZ3BVt1sHZwYzqVqQ=
  
  react-lifecycles-compat@^3.0.4:
    version "3.0.4"
    resolved "https://rg.cnpmjs.org/react-lifecycles-compat/download/react-lifecycles-compat-3.0.4.tgz#4f1a273afdfc8f3488a8c516bfda78f872352362"
    integrity sha1-TxonOv38jzSIqMUWv9p4+HI1I2I=
  
  react-resize-detector@^6.6.3:
    version "6.7.6"
    resolved "https://rg.cnpmjs.org/react-resize-detector/download/react-resize-detector-6.7.6.tgz#4416994e5ead7eba76606e3a248a1dfca49b67a3"
    integrity sha1-RBaZTl6tfrp2YG46JIod/KSbZ6M=
    dependencies:
      "@types/resize-observer-browser" "^0.1.6"
      lodash.debounce "^4.0.8"
      lodash.throttle "^4.1.1"
      resize-observer-polyfill "^1.5.1"
  
  react-smooth@^2.0.0:
    version "2.0.0"
    resolved "https://rg.cnpmjs.org/react-smooth/download/react-smooth-2.0.0.tgz#561647b33e498b2e25f449b3c6689b2e9111bf91"
    integrity sha1-VhZHsz5Jiy4l9EmzxmibLpERv5E=
    dependencies:
      fast-equals "^2.0.0"
      raf "^3.4.0"
      react-transition-group "2.9.0"
  
  react-transition-group@2.9.0:
    version "2.9.0"
    resolved "https://rg.cnpmjs.org/react-transition-group/download/react-transition-group-2.9.0.tgz#df9cdb025796211151a436c69a8f3b97b5b07c8d"
    integrity sha1-35zbAleWIRFRpDbGmo87l7WwfI0=
    dependencies:
      dom-helpers "^3.4.0"
      loose-envify "^1.4.0"
      prop-types "^15.6.2"
      react-lifecycles-compat "^3.0.4"
  
  recharts-scale@^0.4.4:
    version "0.4.5"
    resolved "https://rg.cnpmjs.org/recharts-scale/download/recharts-scale-0.4.5.tgz#0969271f14e732e642fcc5bd4ab270d6e87dd1d9"
    integrity sha1-CWknHxTnMuZC/MW9SrJw1uh90dk=
    dependencies:
      decimal.js-light "^2.4.1"
  
  recharts@^2.1.8:
    version "2.1.8"
    resolved "https://rg.cnpmjs.org/recharts/download/recharts-2.1.8.tgz#ca8774fcec5f5d7ec15dedd638db9ee12faf1c09"
    integrity sha512-Wi7ufdDGyvy/BPf1za1Ok7VeWB2KtEejaewO9ulmlUhvn5l5RPS4AOkrUfhtMRTTjgJ4K6AbWMDpwtDjczUHJA==
    dependencies:
      "@types/d3-interpolate" "^2.0.0"
      "@types/d3-scale" "^3.0.0"
      "@types/d3-shape" "^2.0.0"
      classnames "^2.2.5"
      d3-interpolate "^2.0.0"
      d3-scale "^3.0.0"
      d3-shape "^2.0.0"
      eventemitter3 "^4.0.1"
      lodash "^4.17.19"
      react-is "^16.10.2"
      react-resize-detector "^6.6.3"
      react-smooth "^2.0.0"
      recharts-scale "^0.4.4"
      reduce-css-calc "^2.1.8"
  
  reduce-css-calc@^2.1.8:
    version "2.1.8"
    resolved "https://rg.cnpmjs.org/reduce-css-calc/download/reduce-css-calc-2.1.8.tgz#7ef8761a28d614980dc0c982f772c93f7a99de03"
    integrity sha1-fvh2GijWFJgNwMmC93LJP3qZ3gM=
    dependencies:
      css-unit-converter "^1.1.1"
      postcss-value-parser "^3.3.0"
  
  regenerator-runtime@^0.13.4:
    version "0.13.9"
    resolved "https://rg.cnpmjs.org/regenerator-runtime/download/regenerator-runtime-0.13.9.tgz#8925742a98ffd90814988d7566ad30ca3b263b52"
    integrity sha1-iSV0Kpj/2QgUmI11Zq0wyjsmO1I=
  
  resize-observer-polyfill@^1.5.1:
    version "1.5.1"
    resolved "https://rg.cnpmjs.org/resize-observer-polyfill/download/resize-observer-polyfill-1.5.1.tgz#0e9020dd3d21024458d4ebd27e23e40269810464"
    integrity sha1-DpAg3T0hAkRY1OvSfiPkAmmBBGQ=
